             SCALE : 20,
        EDGEFACTOR : 16,
       NUM_ACTIONS : 16777216,
                 A : 0.550000,
                 B : 0.100000,
                 C : 0.100000,
                 D : 0.250000,
          P_delete : 0.062500,
                NV : 1048576,
                NE : 16777216,
        graph_file : g.20.16.bin,
      actions_file : a.20.16.16777216.bin,
        Generation : 34.171195,
       Offset Calc : 0.422085,
          Ind Copy : 0.739742,
 Sort, Sum Weights : 1.030403,
       Copy unique : 0.052550,
         unique NE : 3643229,
  Graph file write : 2.829749,
  Generate actions : 21.252004,
     Write actions : 8.000599,
