started  (updates_test)
LLFULLDB: ON
SGHashing: ON
VPropUpdate: OFF
WORK_BLOCK_HEIGHT: 4
SUB_BLOCK_HEIGHT: 8
PAGE_BLOCKHEIGHT: 64
graphbenchmark: rmat16_1048576_15700000.edges
NO_OF_VERTICES: 1048576
NO_OF_EDGES: 15700000
host: GT
graph direction type: DIRECTEDGRAPH
graph deletion type: DELETEEDGE
graph deletion rate: 0
initializing vertices (vertices) 
=== insertions started ===

batch : 0
edges loaded : 1048576 edges
number of edges : 1048328 edges
number of unique edges : 1048576 edges
number of unique edges in ll : 1048576 edges
timelapse (ms) : 1636.02 ms
total timelapse (ms) : 1636.02 ms
running throughput : 0.640931 million edges per sec

batch : 1
edges loaded : 1048576 edges
number of edges : 2096221 edges
number of unique edges : 2097152 edges
number of unique edges in ll : 2097152 edges
timelapse (ms) : 620.744 ms
total timelapse (ms) : 2256.76 ms
running throughput : 0.929274 million edges per sec

batch : 2
edges loaded : 1048576 edges
number of edges : 3143626 edges
number of unique edges : 3145728 edges
number of unique edges in ll : 3145728 edges
timelapse (ms) : 536.855 ms
total timelapse (ms) : 2793.62 ms
running throughput : 1.12604 million edges per sec

batch : 3
edges loaded : 1048576 edges
number of edges : 4190573 edges
number of unique edges : 4194304 edges
number of unique edges in ll : 4194304 edges
timelapse (ms) : 644.88 ms
total timelapse (ms) : 3438.5 ms
running throughput : 1.21981 million edges per sec

batch : 4
edges loaded : 1048576 edges
number of edges : 5237103 edges
number of unique edges : 5242880 edges
number of unique edges in ll : 5242880 edges
timelapse (ms) : 593.471 ms
total timelapse (ms) : 4031.97 ms
running throughput : 1.30033 million edges per sec

batch : 5
edges loaded : 1048576 edges
number of edges : 6283173 edges
number of unique edges : 6291456 edges
number of unique edges in ll : 6291456 edges
timelapse (ms) : 736.793 ms
total timelapse (ms) : 4768.76 ms
running throughput : 1.31931 million edges per sec

batch : 6
edges loaded : 1048576 edges
number of edges : 7328899 edges
number of unique edges : 7340032 edges
number of unique edges in ll : 7340032 edges
timelapse (ms) : 685.472 ms
total timelapse (ms) : 5454.23 ms
running throughput : 1.34575 million edges per sec

batch : 7
edges loaded : 1048576 edges
number of edges : 8374187 edges
number of unique edges : 8388608 edges
number of unique edges in ll : 8388608 edges
timelapse (ms) : 749.398 ms
total timelapse (ms) : 6203.63 ms
running throughput : 1.35221 million edges per sec

batch : 8
edges loaded : 1048576 edges
number of edges : 9419098 edges
number of unique edges : 9437184 edges
number of unique edges in ll : 9437184 edges
timelapse (ms) : 784.321 ms
total timelapse (ms) : 6987.95 ms
running throughput : 1.35049 million edges per sec

batch : 9
edges loaded : 1048576 edges
number of edges : 10463568 edges
number of unique edges : 10485760 edges
number of unique edges in ll : 10485760 edges
timelapse (ms) : 753.283 ms
total timelapse (ms) : 7741.24 ms
running throughput : 1.35453 million edges per sec

batch : 10
edges loaded : 1048576 edges
number of edges : 11507703 edges
number of unique edges : 11534336 edges
number of unique edges in ll : 11534336 edges
timelapse (ms) : 751.121 ms
total timelapse (ms) : 8492.36 ms
running throughput : 1.3582 million edges per sec

batch : 11
edges loaded : 1048576 edges
number of edges : 12551254 edges
number of unique edges : 12582912 edges
number of unique edges in ll : 12582912 edges
timelapse (ms) : 845.841 ms
total timelapse (ms) : 9338.2 ms
running throughput : 1.34747 million edges per sec

batch : 12
edges loaded : 1048576 edges
number of edges : 13594273 edges
number of unique edges : 13631488 edges
number of unique edges in ll : 13631488 edges
timelapse (ms) : 858.43 ms
total timelapse (ms) : 10196.6 ms
running throughput : 1.33686 million edges per sec

batch : 13
edges loaded : 1048576 edges
number of edges : 14637101 edges
number of unique edges : 14680064 edges
number of unique edges in ll : 14680064 edges
timelapse (ms) : 873.061 ms
total timelapse (ms) : 11069.7 ms
running throughput : 1.32615 million edges per sec
finished reading from file (updates_test)

batch : 14
edges loaded : 1019937 edges
number of edges : 15651112 edges
number of unique edges : 15700001 edges
number of unique edges in ll : 15700001 edges
timelapse (ms) : 823.122 ms
total timelapse (ms) : 11892.8 ms
running throughput : 1.32013 million edges per sec
destroying graphtinker objects 
