             SCALE : 21,
        EDGEFACTOR : 16,
       NUM_ACTIONS : 33554432,
                 A : 0.550000,
                 B : 0.100000,
                 C : 0.100000,
                 D : 0.250000,
          P_delete : 0.062500,
                NV : 2097152,
                NE : 33554432,
        graph_file : g.21.16.bin,
      actions_file : a.21.16.33554432.bin,
        Generation : 77.989390,
       Offset Calc : 0.830011,
          Ind Copy : 1.707928,
 Sort, Sum Weights : 2.226379,
       Copy unique : 0.163975,
         unique NE : 12443878,
  Graph file write : 6.609948,
  Generate actions : 44.571708,
     Write actions : 20.261582,
