             SCALE : 19,
        EDGEFACTOR : 16,
       NUM_ACTIONS : 8380000,
                 A : 0.550000,
                 B : 0.100000,
                 C : 0.100000,
                 D : 0.250000,
          P_delete : 0.062500,
                NV : 524288,
                NE : 8388608,
        graph_file : g.19.16.bin,
      actions_file : a.19.16.8380000.bin,
        Generation : 22.752736,
       Offset Calc : 0.214985,
          Ind Copy : 0.350487,
 Sort, Sum Weights : 0.499097,
       Copy unique : 0.020089,
         unique NE : 1313107,
  Graph file write : 0.919301,
  Generate actions : 10.092394,
     Write actions : 5.961421,
