started  (updates_test)
LLFULLDB: ON
SGHashing: ON
VPropUpdate: OFF
WORK_BLOCK_HEIGHT: 4
SUB_BLOCK_HEIGHT: 8
PAGE_BLOCKHEIGHT: 64
graphbenchmark: rmat64_1000192_10000000.edges
NO_OF_VERTICES: 1000192
NO_OF_EDGES: 10000000
host: GT
graph direction type: DIRECTEDGRAPH
graph deletion type: DELETEEDGE
graph deletion rate: 0
initializing vertices (vertices) 
=== insertions started ===

batch : 0
edges loaded : 1048576 edges
number of edges : 1047879 edges
number of unique edges : 1048576 edges
number of unique edges in ll : 1048576 edges
timelapse (ms) : 1547.98 ms
total timelapse (ms) : 1547.98 ms
running throughput : 0.677381 million edges per sec

batch : 1
edges loaded : 1048576 edges
number of edges : 2094496 edges
number of unique edges : 2097152 edges
number of unique edges in ll : 2097152 edges
timelapse (ms) : 630.344 ms
total timelapse (ms) : 2178.33 ms
running throughput : 0.962734 million edges per sec

batch : 2
edges loaded : 1048576 edges
number of edges : 3139850 edges
number of unique edges : 3145728 edges
number of unique edges in ll : 3145728 edges
timelapse (ms) : 657.817 ms
total timelapse (ms) : 2836.15 ms
running throughput : 1.10916 million edges per sec

batch : 3
edges loaded : 1048576 edges
number of edges : 4184068 edges
number of unique edges : 4194304 edges
number of unique edges in ll : 4194304 edges
timelapse (ms) : 643.673 ms
total timelapse (ms) : 3479.82 ms
running throughput : 1.20532 million edges per sec

batch : 4
edges loaded : 1048576 edges
number of edges : 5227005 edges
number of unique edges : 5242880 edges
number of unique edges in ll : 5242880 edges
timelapse (ms) : 779.53 ms
total timelapse (ms) : 4259.35 ms
running throughput : 1.23091 million edges per sec

batch : 5
edges loaded : 1048576 edges
number of edges : 6268925 edges
number of unique edges : 6291456 edges
number of unique edges in ll : 6291456 edges
timelapse (ms) : 768.51 ms
total timelapse (ms) : 5027.86 ms
running throughput : 1.25132 million edges per sec

batch : 6
edges loaded : 1048576 edges
number of edges : 7309594 edges
number of unique edges : 7340032 edges
number of unique edges in ll : 7340032 edges
timelapse (ms) : 800.864 ms
total timelapse (ms) : 5828.72 ms
running throughput : 1.25929 million edges per sec

batch : 7
edges loaded : 1048576 edges
number of edges : 8349190 edges
number of unique edges : 8388608 edges
number of unique edges in ll : 8388608 edges
timelapse (ms) : 848.017 ms
total timelapse (ms) : 6676.74 ms
running throughput : 1.25639 million edges per sec

batch : 8
edges loaded : 1048576 edges
number of edges : 9387779 edges
number of unique edges : 9437184 edges
number of unique edges in ll : 9437184 edges
timelapse (ms) : 887.196 ms
total timelapse (ms) : 7563.94 ms
running throughput : 1.24766 million edges per sec
finished reading from file (updates_test)

batch : 9
edges loaded : 562817 edges
number of edges : 9944834 edges
number of unique edges : 10000001 edges
number of unique edges in ll : 10000001 edges
timelapse (ms) : 468.026 ms
total timelapse (ms) : 8031.96 ms
running throughput : 1.24503 million edges per sec
destroying graphtinker objects 
