             SCALE : 21,
        EDGEFACTOR : 45,
       NUM_ACTIONS : 94371840,
                 A : 0.550000,
                 B : 0.100000,
                 C : 0.100000,
                 D : 0.250000,
          P_delete : 0.062500,
                NV : 2097152,
                NE : 94371840,
        graph_file : g.21.45.bin,
      actions_file : a.21.45.94371840.bin,
        Generation : 147.515445,
       Offset Calc : 2.279683,
          Ind Copy : 4.866500,
 Sort, Sum Weights : 6.465922,
       Copy unique : 0.402635,
         unique NE : 33766314,
  Graph file write : 15.569246,
  Generate actions : 125.651941,
     Write actions : 27.411479,
