             SCALE : 21,
        EDGEFACTOR : 28,
       NUM_ACTIONS : 58720256,
                 A : 0.550000,
                 B : 0.100000,
                 C : 0.100000,
                 D : 0.250000,
          P_delete : 0.062500,
                NV : 2097152,
                NE : 58720256,
        graph_file : g.21.28.bin,
      actions_file : a.21.28.58720256.bin,
        Generation : 221.182179,
       Offset Calc : 1.417273,
          Ind Copy : 3.013599,
 Sort, Sum Weights : 3.946498,
       Copy unique : 0.263128,
         unique NE : 21310887,
  Graph file write : 10.685239,
  Generate actions : 78.067894,
     Write actions : 18.450792,
