             SCALE : 21,
        EDGEFACTOR : 28,
       NUM_ACTIONS : 58720256,
                 A : 0.550000,
                 B : 0.100000,
                 C : 0.100000,
                 D : 0.250000,
          P_delete : 0.062500,
                NV : 2097152,
                NE : 58720256,
        graph_file : g.21.28.bin,
      actions_file : a.21.28.58720256.bin,
        Generation : 51.995267,
       Offset Calc : 1.083655,
          Ind Copy : 2.143203,
 Sort, Sum Weights : 3.869123,
       Copy unique : 0.151895,
         unique NE : 21299778,
  Graph file write : 10.965860,
  Generate actions : 40.529032,
     Write actions : 24.447092,
