             SCALE : 21,
        EDGEFACTOR : 28,
       NUM_ACTIONS : 58720256,
                 A : 0.550000,
                 B : 0.100000,
                 C : 0.100000,
                 D : 0.250000,
          P_delete : 0.062500,
                NV : 2097152,
                NE : 58720256,
        graph_file : g.21.28.bin,
      actions_file : a.21.28.58720256.bin,
        Generation : 51.547621,
       Offset Calc : 1.022139,
          Ind Copy : 2.108109,
 Sort, Sum Weights : 3.861521,
       Copy unique : 0.189610,
         unique NE : 21305379,
  Graph file write : 16.905584,
  Generate actions : 40.458437,
     Write actions : 21.640949,
