WARNING: not enough actions
{
	"timer_res": 1.000000000000000e-09,,
	"time_graphread": 7.015784332016483e+01,
	"time_actionread": 1.960479004262015e+02,
	"nv": 2097152,
	"ne": 21305379,
	"batchsize": 1048576,
	"nbatch": 58,
	"naction": 58720256,
	"num_threads": 8,
	"time_stinger": 1.593233641586266e+01,
	"error_code":"0x0",
	"time_check": 4.866477311588824e-02
=== First Check : TotaledgesinS : 0 
printing variables... 
nbatch : 56 
batch_size : 1048576 
nv : 2097152 
ne : 21305379 
pass : 1 (test_updatesingleedge) 

 ======= update and analytics : iteration 0 (insert_remove_benchmark) =======
 edges loaded for batch 0 = 0.000000 
time lapse for batch 0 = 0.870451 
throughput for batch 0 = 2179235.698303 
total edges loaded for iteration 0 : 1896918, nbatch : 56, actno : 0 
totaledgesloaded_sofar : 1896563 
totaltimelapse_sofar : 0.87045 
running throughput for batch 0 = 2178827.863767 

=== totaledgesinS : 1944104 

 edges loaded for batch 1 = 0.000000 
time lapse for batch 1 = 0.691715 
throughput for batch 1 = 2712916.215911 
total edges loaded for iteration 1 : 1876565, nbatch : 56, actno : 1048576 
totaledgesloaded_sofar : 3772754 
totaltimelapse_sofar : 1.56217 
running throughput for batch 1 = 2415078.640201 

=== totaledgesinS : 3883256 

 edges loaded for batch 2 = 0.000000 
time lapse for batch 2 = 0.733088 
throughput for batch 2 = 2517744.891261 
total edges loaded for iteration 2 : 1845729, nbatch : 56, actno : 2097152 
totaledgesloaded_sofar : 5650740 
totaltimelapse_sofar : 2.29525 
running throughput for batch 2 = 2461923.303667 

=== totaledgesinS : 5818438 

 edges loaded for batch 3 = 0.000000 
time lapse for batch 3 = 0.780748 
throughput for batch 3 = 2412552.211049 
total edges loaded for iteration 3 : 1883595, nbatch : 56, actno : 3145728 
totaledgesloaded_sofar : 7533951 
totaltimelapse_sofar : 3.07600 
running throughput for batch 3 = 2449267.143658 

=== totaledgesinS : 7749504 

 edges loaded for batch 4 = 0.000000 
time lapse for batch 4 = 0.861635 
throughput for batch 4 = 2191943.435133 
total edges loaded for iteration 4 : 1888655, nbatch : 56, actno : 4194304 
totaledgesloaded_sofar : 9422282 
totaltimelapse_sofar : 3.93764 
running throughput for batch 4 = 2392877.210184 

=== totaledgesinS : 9675730 

 edges loaded for batch 5 = 0.000000 
time lapse for batch 5 = 0.960344 
throughput for batch 5 = 1973914.601038 
total edges loaded for iteration 5 : 1895637, nbatch : 56, actno : 5242880 
totaledgesloaded_sofar : 11317596 
totaltimelapse_sofar : 4.89798 
running throughput for batch 5 = 2310665.536649 

=== totaledgesinS : 11598598 

 edges loaded for batch 6 = 0.000000 
time lapse for batch 6 = 1.019934 
throughput for batch 6 = 1862806.926043 
total edges loaded for iteration 6 : 1899940, nbatch : 56, actno : 6291456 
totaledgesloaded_sofar : 13217247 
totaltimelapse_sofar : 5.91791 
running throughput for batch 6 = 2233429.686365 

=== totaledgesinS : 13519222 

 edges loaded for batch 7 = 0.000000 
time lapse for batch 7 = 1.097310 
throughput for batch 7 = 1732825.279800 
total edges loaded for iteration 7 : 1901446, nbatch : 56, actno : 7340032 
totaledgesloaded_sofar : 15118426 
totaltimelapse_sofar : 7.01522 
running throughput for batch 7 = 2155087.922684 

=== totaledgesinS : 15434170 

 edges loaded for batch 8 = 0.000000 
time lapse for batch 8 = 1.189072 
throughput for batch 8 = 1602228.150538 
total edges loaded for iteration 8 : 1905164, nbatch : 56, actno : 8388608 
totaledgesloaded_sofar : 17023346 
totaltimelapse_sofar : 8.20430 
running throughput for batch 8 = 2074930.669271 

=== totaledgesinS : 17345956 

 edges loaded for batch 9 = 0.000000 
time lapse for batch 9 = 1.268084 
throughput for batch 9 = 1476045.972699 
total edges loaded for iteration 9 : 1871751, nbatch : 56, actno : 9437184 
totaledgesloaded_sofar : 18931578 
totaltimelapse_sofar : 9.47238 
running throughput for batch 9 = 1998608.210333 

=== totaledgesinS : 19255154 

 edges loaded for batch 10 = 0.000000 
time lapse for batch 10 = 1.372954 
throughput for batch 10 = 1392231.265498 
total edges loaded for iteration 10 : 1911470, nbatch : 56, actno : 10485760 
totaledgesloaded_sofar : 20842860 
totaltimelapse_sofar : 10.84534 
running throughput for batch 10 = 1921827.192071 

=== totaledgesinS : 21160870 

 edges loaded for batch 11 = 0.000000 
time lapse for batch 11 = 1.425745 
throughput for batch 11 = 1341817.497779 
total edges loaded for iteration 11 : 1913090, nbatch : 56, actno : 11534336 
totaledgesloaded_sofar : 22755763 
totaltimelapse_sofar : 12.27108 
running throughput for batch 11 = 1854422.116994 

=== totaledgesinS : 23063816 

 edges loaded for batch 12 = 0.000000 
time lapse for batch 12 = 1.498630 
throughput for batch 12 = 1277960.222198 
total edges loaded for iteration 12 : 1915189, nbatch : 56, actno : 12582912 
totaledgesloaded_sofar : 24670775 
totaltimelapse_sofar : 13.76971 
running throughput for batch 12 = 1791669.898645 

=== totaledgesinS : 24963962 

 edges loaded for batch 13 = 0.000000 
time lapse for batch 13 = 1.581500 
throughput for batch 13 = 1211383.572408 
total edges loaded for iteration 13 : 1915803, nbatch : 56, actno : 13631488 
totaledgesloaded_sofar : 26586427 
totaltimelapse_sofar : 15.35121 
running throughput for batch 13 = 1731878.275000 

=== totaledgesinS : 26860050 

 edges loaded for batch 14 = 0.000000 
time lapse for batch 14 = 1.657922 
throughput for batch 14 = 1156593.477208 
total edges loaded for iteration 14 : 1917542, nbatch : 56, actno : 14680064 
totaledgesloaded_sofar : 28503817 
totaltimelapse_sofar : 17.00913 
running throughput for batch 14 = 1675794.905878 

=== totaledgesinS : 28754506 

 edges loaded for batch 15 = 0.000000 
time lapse for batch 15 = 1.793409 
throughput for batch 15 = 1070673.072833 
total edges loaded for iteration 15 : 1920155, nbatch : 56, actno : 15728640 
totaledgesloaded_sofar : 30423834 
totaltimelapse_sofar : 18.80254 
running throughput for batch 15 = 1618070.310365 

=== totaledgesinS : 30645282 

 edges loaded for batch 16 = 0.000000 
time lapse for batch 16 = 1.844138 
throughput for batch 16 = 1041909.749451 
total edges loaded for iteration 16 : 1921425, nbatch : 56, actno : 16777216 
totaledgesloaded_sofar : 32345129 
totaltimelapse_sofar : 20.64668 
running throughput for batch 16 = 1566602.014578 

=== totaledgesinS : 32534604 

 edges loaded for batch 17 = 0.000000 
time lapse for batch 17 = 2.057774 
throughput for batch 17 = 934737.229287 
total edges loaded for iteration 17 : 1923478, nbatch : 56, actno : 17825792 
totaledgesloaded_sofar : 34268484 
totaltimelapse_sofar : 22.70445 
running throughput for batch 17 = 1509328.758810 

=== totaledgesinS : 34420894 

 edges loaded for batch 18 = 0.000000 
time lapse for batch 18 = 2.076276 
throughput for batch 18 = 925853.526852 
total edges loaded for iteration 18 : 1922327, nbatch : 56, actno : 18874368 
totaledgesloaded_sofar : 36190677 
totaltimelapse_sofar : 24.78073 
running throughput for batch 18 = 1460436.357287 

=== totaledgesinS : 36303520 

 edges loaded for batch 19 = 0.000000 
time lapse for batch 19 = 2.103795 
throughput for batch 19 = 914582.770575 
total edges loaded for iteration 19 : 1924095, nbatch : 56, actno : 19922944 
totaledgesloaded_sofar : 38114638 
totaltimelapse_sofar : 26.88452 
running throughput for batch 19 = 1417716.677708 

=== totaledgesinS : 38184248 

 edges loaded for batch 20 = 0.000000 
time lapse for batch 20 = 2.214183 
throughput for batch 20 = 869294.131828 
total edges loaded for iteration 20 : 1924776, nbatch : 56, actno : 20971520 
totaledgesloaded_sofar : 40039317 
totaltimelapse_sofar : 29.09871 
running throughput for batch 20 = 1375982.702689 

=== totaledgesinS : 40062930 

 edges loaded for batch 21 = 0.000000 
time lapse for batch 21 = 2.459777 
throughput for batch 21 = 783251.860414 
total edges loaded for iteration 21 : 1926625, nbatch : 56, actno : 22020096 
totaledgesloaded_sofar : 41965808 
totaltimelapse_sofar : 31.55848 
running throughput for batch 21 = 1329778.969592 

=== totaledgesinS : 41938672 

 edges loaded for batch 22 = 0.000000 
time lapse for batch 22 = 2.395149 
throughput for batch 22 = 804928.636720 
total edges loaded for iteration 22 : 1927924, nbatch : 56, actno : 23068672 
totaledgesloaded_sofar : 43893629 
totaltimelapse_sofar : 33.95363 
running throughput for batch 22 = 1292752.070363 

=== totaledgesinS : 43813522 

 edges loaded for batch 23 = 0.000000 
time lapse for batch 23 = 2.462602 
throughput for batch 23 = 782457.658927 
total edges loaded for iteration 23 : 1926882, nbatch : 56, actno : 24117248 
totaledgesloaded_sofar : 45820420 
totaltimelapse_sofar : 36.41623 
running throughput for batch 23 = 1258241.551307 

=== totaledgesinS : 45684770 

 edges loaded for batch 24 = 0.000000 
time lapse for batch 24 = 2.605984 
throughput for batch 24 = 739867.503257 
total edges loaded for iteration 24 : 1928083, nbatch : 56, actno : 25165824 
totaledgesloaded_sofar : 47748407 
totaltimelapse_sofar : 39.02222 
running throughput for batch 24 = 1223621.004560 

=== totaledgesinS : 47553964 

 edges loaded for batch 25 = 0.000000 
time lapse for batch 25 = 2.784250 
throughput for batch 25 = 693050.186089 
total edges loaded for iteration 25 : 1929625, nbatch : 56, actno : 26214400 
totaledgesloaded_sofar : 49661276 
totaltimelapse_sofar : 41.80647 
running throughput for batch 25 = 1187884.960702 

=== totaledgesinS : 49421518 

 edges loaded for batch 26 = 0.000000 
time lapse for batch 26 = 2.724985 
throughput for batch 26 = 708207.806690 
total edges loaded for iteration 26 : 1929856, nbatch : 56, actno : 27262976 
totaledgesloaded_sofar : 51591023 
totaltimelapse_sofar : 44.53145 
running throughput for batch 26 = 1158529.928488 

=== totaledgesinS : 51287114 

 edges loaded for batch 27 = 0.000000 
time lapse for batch 27 = 2.793547 
throughput for batch 27 = 690662.129118 
total edges loaded for iteration 27 : 1929397, nbatch : 56, actno : 28311552 
totaledgesloaded_sofar : 53520344 
totaltimelapse_sofar : 47.32500 
running throughput for batch 27 = 1130910.561022 

=== totaledgesinS : 53149684 

 edges loaded for batch 28 = 0.000000 
time lapse for batch 28 = 2.875377 
throughput for batch 28 = 671423.018108 
total edges loaded for iteration 28 : 1930594, nbatch : 56, actno : 29360128 
totaledgesloaded_sofar : 55450839 
totaltimelapse_sofar : 50.20038 
running throughput for batch 28 = 1104590.067905 

=== totaledgesinS : 55011246 

 edges loaded for batch 29 = 0.000000 
time lapse for batch 29 = 3.011063 
throughput for batch 29 = 641262.337849 
total edges loaded for iteration 29 : 1930881, nbatch : 56, actno : 30408704 
totaledgesloaded_sofar : 57381642 
totaltimelapse_sofar : 53.21144 
running throughput for batch 29 = 1078370.391204 

=== totaledgesinS : 56870048 

 edges loaded for batch 30 = 0.000000 
time lapse for batch 30 = 3.237180 
throughput for batch 30 = 596854.904977 
total edges loaded for iteration 30 : 1932127, nbatch : 56, actno : 31457280 
totaledgesloaded_sofar : 59313673 
totaltimelapse_sofar : 56.44862 
running throughput for batch 30 = 1050755.039985 

=== totaledgesinS : 58726716 

 edges loaded for batch 31 = 0.000000 
time lapse for batch 31 = 3.130317 
throughput for batch 31 = 617154.088844 
total edges loaded for iteration 31 : 1931888, nbatch : 56, actno : 32505856 
totaledgesloaded_sofar : 61245493 
totaltimelapse_sofar : 59.57894 
running throughput for batch 31 = 1027972.215767 

=== totaledgesinS : 60581460 

 edges loaded for batch 32 = 0.000000 
time lapse for batch 32 = 3.215826 
throughput for batch 32 = 600918.447218 
total edges loaded for iteration 32 : 1932449, nbatch : 56, actno : 33554432 
totaledgesloaded_sofar : 63177862 
totaltimelapse_sofar : 62.79476 
running throughput for batch 32 = 1006100.798301 

=== totaledgesinS : 62435386 

 edges loaded for batch 33 = 0.000000 
time lapse for batch 33 = 3.282445 
throughput for batch 33 = 588544.128775 
total edges loaded for iteration 33 : 1931864, nbatch : 56, actno : 34603008 
totaledgesloaded_sofar : 65109657 
totaltimelapse_sofar : 66.07721 
running throughput for batch 33 = 985357.246827 

=== totaledgesinS : 64285668 

 edges loaded for batch 34 = 0.000000 
time lapse for batch 34 = 3.355429 
throughput for batch 34 = 575997.610231 
total edges loaded for iteration 34 : 1932719, nbatch : 56, actno : 35651584 
totaledgesloaded_sofar : 67042297 
totaltimelapse_sofar : 69.43264 
running throughput for batch 34 = 965573.234974 

=== totaledgesinS : 66135126 

 edges loaded for batch 35 = 0.000000 
time lapse for batch 35 = 3.615570 
throughput for batch 35 = 535183.714146 
total edges loaded for iteration 35 : 1934994, nbatch : 56, actno : 36700160 
totaledgesloaded_sofar : 68977218 
totaltimelapse_sofar : 73.04821 
running throughput for batch 35 = 944269.819856 

=== totaledgesinS : 67982778 

 edges loaded for batch 36 = 0.000000 
time lapse for batch 36 = 3.647182 
throughput for batch 36 = 530310.529195 
total edges loaded for iteration 36 : 1934139, nbatch : 56, actno : 37748736 
totaledgesloaded_sofar : 70911284 
totaltimelapse_sofar : 76.69539 
running throughput for batch 36 = 924583.397168 

=== totaledgesinS : 69828692 

 edges loaded for batch 37 = 0.000000 
time lapse for batch 37 = 3.623362 
throughput for batch 37 = 533702.667791 
total edges loaded for iteration 37 : 1933798, nbatch : 56, actno : 38797312 
totaledgesloaded_sofar : 72845006 
totaltimelapse_sofar : 80.31875 
running throughput for batch 37 = 906948.929818 

=== totaledgesinS : 71671912 

 edges loaded for batch 38 = 0.000000 
time lapse for batch 38 = 3.694066 
throughput for batch 38 = 523643.630609 
total edges loaded for iteration 38 : 1934374, nbatch : 56, actno : 39845888 
totaledgesloaded_sofar : 74779316 
totaltimelapse_sofar : 84.01282 
running throughput for batch 38 = 890094.132920 

=== totaledgesinS : 73513994 

 edges loaded for batch 39 = 0.000000 
time lapse for batch 39 = 3.785207 
throughput for batch 39 = 511176.070206 
total edges loaded for iteration 39 : 1934907, nbatch : 56, actno : 40894464 
totaledgesloaded_sofar : 76714149 
totaltimelapse_sofar : 87.79802 
running throughput for batch 39 = 873757.123734 

=== totaledgesinS : 75354868 

 edges loaded for batch 40 = 0.000000 
time lapse for batch 40 = 3.970026 
throughput for batch 40 = 487473.932226 
total edges loaded for iteration 40 : 1935284, nbatch : 56, actno : 41943040 
totaledgesloaded_sofar : 78649374 
totaltimelapse_sofar : 91.76805 
running throughput for batch 40 = 857045.281522 

=== totaledgesinS : 77193080 

 edges loaded for batch 41 = 0.000000 
time lapse for batch 41 = 4.112298 
throughput for batch 41 = 470678.738133 
total edges loaded for iteration 41 : 1935571, nbatch : 56, actno : 42991616 
totaledgesloaded_sofar : 80584888 
totaltimelapse_sofar : 95.88035 
running throughput for batch 41 = 840473.468652 

=== totaledgesinS : 79030424 

 edges loaded for batch 42 = 0.000000 
time lapse for batch 42 = 4.043397 
throughput for batch 42 = 475989.637264 
total edges loaded for iteration 42 : 1924615, nbatch : 56, actno : 44040192 
totaledgesloaded_sofar : 82520848 
totaltimelapse_sofar : 99.92374 
running throughput for batch 42 = 825838.230657 

=== totaledgesinS : 80866290 

 edges loaded for batch 43 = 0.000000 
time lapse for batch 43 = 4.123464 
throughput for batch 43 = 469166.451514 
total edges loaded for iteration 43 : 1934591, nbatch : 56, actno : 45088768 
totaledgesloaded_sofar : 84455385 
totaltimelapse_sofar : 104.04721 
running throughput for batch 43 = 811702.558126 

=== totaledgesinS : 82698420 

 edges loaded for batch 44 = 0.000000 
time lapse for batch 44 = 4.199555 
throughput for batch 44 = 460755.973125 
total edges loaded for iteration 44 : 1934970, nbatch : 56, actno : 46137344 
totaledgesloaded_sofar : 86390311 
totaltimelapse_sofar : 108.24676 
running throughput for batch 44 = 798086.784258 

=== totaledgesinS : 84528582 

 edges loaded for batch 45 = 0.000000 
time lapse for batch 45 = 4.299497 
throughput for batch 45 = 450181.273758 
total edges loaded for iteration 45 : 1935553, nbatch : 56, actno : 47185920 
totaledgesloaded_sofar : 88325812 
totaltimelapse_sofar : 112.54626 
running throughput for batch 45 = 784795.621391 

=== totaledgesinS : 86357980 

 edges loaded for batch 46 = 0.000000 
time lapse for batch 46 = 4.529191 
throughput for batch 46 = 427524.029236 
total edges loaded for iteration 46 : 1936338, nbatch : 56, actno : 48234496 
totaledgesloaded_sofar : 90262098 
totaltimelapse_sofar : 117.07545 
running throughput for batch 46 = 770973.737482 

=== totaledgesinS : 88186610 

 edges loaded for batch 47 = 0.000000 
time lapse for batch 47 = 4.496319 
throughput for batch 47 = 430800.378714 
total edges loaded for iteration 47 : 1937016, nbatch : 56, actno : 49283072 
totaledgesloaded_sofar : 92199045 
totaltimelapse_sofar : 121.57177 
running throughput for batch 47 = 758391.893922 

=== totaledgesinS : 90013818 

 edges loaded for batch 48 = 0.000000 
time lapse for batch 48 = 4.531688 
throughput for batch 48 = 427247.168642 
total edges loaded for iteration 48 : 1936151, nbatch : 56, actno : 50331648 
totaledgesloaded_sofar : 94135173 
totaltimelapse_sofar : 126.10346 
running throughput for batch 48 = 746491.604277 

=== totaledgesinS : 91838794 

 edges loaded for batch 49 = 0.000000 
time lapse for batch 49 = 4.572765 
throughput for batch 49 = 423715.015467 
total edges loaded for iteration 49 : 1937549, nbatch : 56, actno : 51380224 
totaledgesloaded_sofar : 96072662 
totaltimelapse_sofar : 130.67622 
running throughput for batch 49 = 735196.195613 

=== totaledgesinS : 93662276 

 edges loaded for batch 50 = 0.000000 
time lapse for batch 50 = 4.647535 
throughput for batch 50 = 416737.885606 
total edges loaded for iteration 50 : 1936804, nbatch : 56, actno : 52428800 
totaledgesloaded_sofar : 98009408 
totaltimelapse_sofar : 135.32376 
running throughput for batch 50 = 724258.691136 

=== totaledgesinS : 95484600 

 edges loaded for batch 51 = 0.000000 
time lapse for batch 51 = 4.980615 
throughput for batch 51 = 389027.629304 
total edges loaded for iteration 51 : 1937597, nbatch : 56, actno : 53477376 
totaledgesloaded_sofar : 99946975 
totaltimelapse_sofar : 140.30437 
running throughput for batch 51 = 712358.228272 

=== totaledgesinS : 97304526 

 edges loaded for batch 52 = 0.000000 
time lapse for batch 52 = 4.921920 
throughput for batch 52 = 393676.468423 
total edges loaded for iteration 52 : 1937644, nbatch : 56, actno : 54525952 
totaledgesloaded_sofar : 101884559 
totaltimelapse_sofar : 145.22629 
running throughput for batch 52 = 701557.249859 

=== totaledgesinS : 99123060 

 edges loaded for batch 53 = 0.000000 
time lapse for batch 53 = 4.903890 
throughput for batch 53 = 394881.812597 
total edges loaded for iteration 53 : 1936457, nbatch : 56, actno : 55574528 
totaledgesloaded_sofar : 103820976 
totaltimelapse_sofar : 150.13018 
running throughput for batch 53 = 691539.659811 

=== totaledgesinS : 100939300 

 edges loaded for batch 54 = 0.000000 
time lapse for batch 54 = 4.943231 
throughput for batch 54 = 391779.564573 
total edges loaded for iteration 54 : 1936657, nbatch : 56, actno : 56623104 
totaledgesloaded_sofar : 105757567 
totaltimelapse_sofar : 155.07341 
running throughput for batch 54 = 681983.866622 

=== totaledgesinS : 102754310 

 edges loaded for batch 55 = 0.000000 
time lapse for batch 55 = 5.223890 
throughput for batch 55 = 370824.990146 
total edges loaded for iteration 55 : 1937149, nbatch : 56, actno : 57671680 
totaledgesloaded_sofar : 107694659 
totaltimelapse_sofar : 160.29730 
running throughput for batch 55 = 671843.229635 

=== totaledgesinS : 104568530 
validinsertions : 104724706 
invalidinsertions : 0 
validdeletions : 0 
invaliddeletions : 0 
errinsertions : 0 
errdeletions : 0 
printing result summaries... 
totaledgesinS : 104568530 
,
	"time_updates": 1.602973048617132e+02,
	"updates_per_sec": 3.663209188118125e+05
printing batchids 
[ 
0, 
1, 
2, 
3, 
4, 
5, 
6, 
7, 
8, 
9, 
10, 
11, 
12, 
13, 
14, 
15, 
16, 
17, 
18, 
19, 
20, 
21, 
22, 
23, 
24, 
25, 
26, 
27, 
28, 
29, 
30, 
31, 
32, 
33, 
34, 
35, 
36, 
37, 
38, 
39, 
40, 
41, 
42, 
43, 
44, 
45, 
46, 
47, 
48, 
49, 
50, 
51, 
52, 
53, 
54, 
55, 
] 

printing throughputs 
[ 
2178827.9, 
2415078.6, 
2461923.3, 
2449267.1, 
2392877.2, 
2310665.5, 
2233429.7, 
2155087.9, 
2074930.7, 
1998608.2, 
1921827.2, 
1854422.1, 
1791669.9, 
1731878.3, 
1675794.9, 
1618070.3, 
1566602.0, 
1509328.8, 
1460436.4, 
1417716.7, 
1375982.7, 
1329779.0, 
1292752.1, 
1258241.6, 
1223621.0, 
1187885.0, 
1158529.9, 
1130910.6, 
1104590.1, 
1078370.4, 
1050755.0, 
1027972.2, 
1006100.8, 
985357.2, 
965573.2, 
944269.8, 
924583.4, 
906948.9, 
890094.1, 
873757.1, 
857045.3, 
840473.5, 
825838.2, 
811702.6, 
798086.8, 
784795.6, 
770973.7, 
758391.9, 
746491.6, 
735196.2, 
724258.7, 
712358.2, 
701557.2, 
691539.7, 
681983.9, 
671843.2, 
] 
,
	"error_code":"0x0",
	"time_check": 4.047803154913709e+00
}
