             SCALE : 21,
        EDGEFACTOR : 28,
       NUM_ACTIONS : 58720256,
                 A : 0.550000,
                 B : 0.100000,
                 C : 0.100000,
                 D : 0.250000,
          P_delete : 0.062500,
                NV : 2097152,
                NE : 58720256,
        graph_file : g.21.28.bin,
      actions_file : a.21.28.58720256.bin,
        Generation : 141.936318,
       Offset Calc : 1.151720,
          Ind Copy : 2.979420,
 Sort, Sum Weights : 3.915593,
       Copy unique : 0.137588,
         unique NE : 21299843,
  Graph file write : 12.557503,
  Generate actions : 41.144236,
     Write actions : 25.017818,
