             SCALE : 21,
        EDGEFACTOR : 28,
       NUM_ACTIONS : 58720256,
                 A : 0.550000,
                 B : 0.100000,
                 C : 0.100000,
                 D : 0.250000,
          P_delete : 0.062500,
                NV : 2097152,
                NE : 58720256,
        graph_file : g.21.28.bin,
      actions_file : a.21.28.58720256.bin,
        Generation : 53.290996,
       Offset Calc : 0.995895,
          Ind Copy : 2.017143,
 Sort, Sum Weights : 4.335390,
       Copy unique : 0.138955,
         unique NE : 21216581,
  Graph file write : 10.118104,
  Generate actions : 40.571239,
     Write actions : 20.495712,
