WARNING: not enough actions
{
	"timer_res": 1.000000000000000e-09,,
	"time_graphread": 8.912111403886229e+01,
	"time_actionread": 1.769959698431194e+02,
	"nv": 2097152,
	"ne": 21299843,
	"batchsize": 1048576,
	"nbatch": 58,
	"naction": 58720256,
	"num_threads": 2,
	"time_stinger": 1.599470170796849e+01,
	"error_code":"0x0",
	"time_check": 4.327773884870112e-02
=== First Check : TotaledgesinS : 0 
printing variables... 
nbatch : 56 
batch_size : 1048576 
nv : 2097152 
ne : 21299843 
pass : 1 (test_updatesingleedge) 

 ======= update and analytics : iteration 0 (insert_remove_benchmark) =======
 edges loaded for batch 0 = 0.000000 
time lapse for batch 0 = 0.850529 
throughput for batch 0 = 2245533.438215 
total edges loaded for iteration 0 : 1909891, nbatch : 56, actno : 0 
totaledgesloaded_sofar : 1909078 
totaltimelapse_sofar : 0.85053 
running throughput for batch 0 = 2244577.562364 

=== totaledgesinS : 1942976 

 edges loaded for batch 1 = 0.000000 
time lapse for batch 1 = 0.670890 
throughput for batch 1 = 2820686.817109 
total edges loaded for iteration 1 : 1892370, nbatch : 56, actno : 1048576 
totaledgesloaded_sofar : 3800274 
totaltimelapse_sofar : 1.52142 
running throughput for batch 1 = 2497848.953483 

=== totaledgesinS : 3882200 

 edges loaded for batch 2 = 0.000000 
time lapse for batch 2 = 0.703580 
throughput for batch 2 = 2689930.783262 
total edges loaded for iteration 2 : 1892581, nbatch : 56, actno : 2097152 
totaledgesloaded_sofar : 5691632 
totaltimelapse_sofar : 2.22500 
running throughput for batch 2 = 2558038.611953 

=== totaledgesinS : 5816532 

 edges loaded for batch 3 = 0.000000 
time lapse for batch 3 = 0.755951 
throughput for batch 3 = 2509237.544483 
total edges loaded for iteration 3 : 1896861, nbatch : 56, actno : 3145728 
totaledgesloaded_sofar : 7587274 
totaltimelapse_sofar : 2.98095 
running throughput for batch 3 = 2545254.020525 

=== totaledgesinS : 7747686 

 edges loaded for batch 4 = 0.000000 
time lapse for batch 4 = 0.827701 
throughput for batch 4 = 2296097.389329 
total edges loaded for iteration 4 : 1900482, nbatch : 56, actno : 4194304 
totaledgesloaded_sofar : 9486577 
totaltimelapse_sofar : 3.80865 
running throughput for batch 4 = 2490797.415108 

=== totaledgesinS : 9674066 

 edges loaded for batch 5 = 0.000000 
time lapse for batch 5 = 0.909513 
throughput for batch 5 = 2093448.193702 
total edges loaded for iteration 5 : 1904019, nbatch : 56, actno : 5242880 
totaledgesloaded_sofar : 11389584 
totaltimelapse_sofar : 4.71816 
running throughput for batch 5 = 2413986.516788 

=== totaledgesinS : 11597136 

 edges loaded for batch 6 = 0.000000 
time lapse for batch 6 = 0.973726 
throughput for batch 6 = 1957759.754628 
total edges loaded for iteration 6 : 1906322, nbatch : 56, actno : 6291456 
totaledgesloaded_sofar : 13294943 
totaltimelapse_sofar : 5.69189 
running throughput for batch 6 = 2335769.448050 

=== totaledgesinS : 13515324 

 edges loaded for batch 7 = 0.000000 
time lapse for batch 7 = 1.055840 
throughput for batch 7 = 1810355.586734 
total edges loaded for iteration 7 : 1911446, nbatch : 56, actno : 7340032 
totaledgesloaded_sofar : 15205501 
totaltimelapse_sofar : 6.74773 
running throughput for batch 7 = 2253424.570366 

=== totaledgesinS : 15432270 

 edges loaded for batch 8 = 0.000000 
time lapse for batch 8 = 1.143877 
throughput for batch 8 = 1672461.013862 
total edges loaded for iteration 8 : 1913089, nbatch : 56, actno : 8388608 
totaledgesloaded_sofar : 17117852 
totaltimelapse_sofar : 7.89161 
running throughput for batch 8 = 2169121.255438 

=== totaledgesinS : 17344418 

 edges loaded for batch 9 = 0.000000 
time lapse for batch 9 = 1.244410 
throughput for batch 9 = 1538955.278841 
total edges loaded for iteration 9 : 1915091, nbatch : 56, actno : 9437184 
totaledgesloaded_sofar : 19032210 
totaltimelapse_sofar : 9.13602 
running throughput for batch 9 = 2083206.601125 

=== totaledgesinS : 19252686 

 edges loaded for batch 10 = 0.000000 
time lapse for batch 10 = 1.318118 
throughput for batch 10 = 1454917.030432 
total edges loaded for iteration 10 : 1917753, nbatch : 56, actno : 10485760 
totaledgesloaded_sofar : 20949286 
totaltimelapse_sofar : 10.45414 
running throughput for batch 10 = 2003923.419718 

=== totaledgesinS : 21158284 

 edges loaded for batch 11 = 0.000000 
time lapse for batch 11 = 1.394214 
throughput for batch 11 = 1376697.490211 
total edges loaded for iteration 11 : 1919411, nbatch : 56, actno : 11534336 
totaledgesloaded_sofar : 22868111 
totaltimelapse_sofar : 11.84835 
running throughput for batch 11 = 1930067.289644 

=== totaledgesinS : 23060642 

 edges loaded for batch 12 = 0.000000 
time lapse for batch 12 = 1.483006 
throughput for batch 12 = 1295098.885753 
total edges loaded for iteration 12 : 1920639, nbatch : 56, actno : 12582912 
totaledgesloaded_sofar : 24788155 
totaltimelapse_sofar : 13.33135 
running throughput for batch 12 = 1859387.545180 

=== totaledgesinS : 24960186 

 edges loaded for batch 13 = 0.000000 
time lapse for batch 13 = 1.611675 
throughput for batch 13 = 1193097.624921 
total edges loaded for iteration 13 : 1922886, nbatch : 56, actno : 13631488 
totaledgesloaded_sofar : 26710438 
totaltimelapse_sofar : 14.94303 
running throughput for batch 13 = 1787484.723830 

=== totaledgesinS : 26857012 

 edges loaded for batch 14 = 0.000000 
time lapse for batch 14 = 1.698469 
throughput for batch 14 = 1132268.235917 
total edges loaded for iteration 14 : 1923123, nbatch : 56, actno : 14680064 
totaledgesloaded_sofar : 28632980 
totaltimelapse_sofar : 16.64150 
running throughput for batch 14 = 1720576.920144 

=== totaledgesinS : 28749832 

 edges loaded for batch 15 = 0.000000 
time lapse for batch 15 = 1.878062 
throughput for batch 15 = 1025704.649249 
total edges loaded for iteration 15 : 1926337, nbatch : 56, actno : 15728640 
totaledgesloaded_sofar : 30558817 
totaltimelapse_sofar : 18.51956 
running throughput for batch 15 = 1650083.174885 

=== totaledgesinS : 30641080 

 edges loaded for batch 16 = 0.000000 
time lapse for batch 16 = 1.913169 
throughput for batch 16 = 1007333.205533 
total edges loaded for iteration 16 : 1927199, nbatch : 56, actno : 16777216 
totaledgesloaded_sofar : 32485581 
totaltimelapse_sofar : 20.43273 
running throughput for batch 16 = 1589879.546890 

=== totaledgesinS : 32529678 

 edges loaded for batch 17 = 0.000000 
time lapse for batch 17 = 1.962181 
throughput for batch 17 = 981847.682437 
total edges loaded for iteration 17 : 1926563, nbatch : 56, actno : 17825792 
totaledgesloaded_sofar : 34411670 
totaltimelapse_sofar : 22.39491 
running throughput for batch 17 = 1536584.287224 

=== totaledgesinS : 34414646 

 edges loaded for batch 18 = 0.000000 
time lapse for batch 18 = 2.034404 
throughput for batch 18 = 947840.854811 
total edges loaded for iteration 18 : 1928291, nbatch : 56, actno : 18874368 
totaledgesloaded_sofar : 36339535 
totaltimelapse_sofar : 24.42932 
running throughput for batch 18 = 1487537.974934 

=== totaledgesinS : 36298718 

 edges loaded for batch 19 = 0.000000 
time lapse for batch 19 = 2.276633 
throughput for batch 19 = 848192.054375 
total edges loaded for iteration 19 : 1931022, nbatch : 56, actno : 19922944 
totaledgesloaded_sofar : 38270163 
totaltimelapse_sofar : 26.70595 
running throughput for batch 19 = 1433020.158860 

=== totaledgesinS : 38180018 

 edges loaded for batch 20 = 0.000000 
time lapse for batch 20 = 2.244323 
throughput for batch 20 = 860094.491898 
total edges loaded for iteration 20 : 1930330, nbatch : 56, actno : 20971520 
totaledgesloaded_sofar : 40200078 
totaltimelapse_sofar : 28.95027 
running throughput for batch 20 = 1388590.685028 

=== totaledgesinS : 40059178 

 edges loaded for batch 21 = 0.000000 
time lapse for batch 21 = 2.299403 
throughput for batch 21 = 839297.868534 
total edges loaded for iteration 21 : 1929884, nbatch : 56, actno : 22020096 
totaledgesloaded_sofar : 42129615 
totaltimelapse_sofar : 31.24967 
running throughput for batch 21 = 1348161.703650 

=== totaledgesinS : 41935704 

 edges loaded for batch 22 = 0.000000 
time lapse for batch 22 = 2.550504 
throughput for batch 22 = 757570.224503 
total edges loaded for iteration 22 : 1932186, nbatch : 56, actno : 23068672 
totaledgesloaded_sofar : 44061470 
totaltimelapse_sofar : 33.80018 
running throughput for batch 22 = 1303586.880138 

=== totaledgesinS : 43810588 

 edges loaded for batch 23 = 0.000000 
time lapse for batch 23 = 2.415393 
throughput for batch 23 = 799601.293815 
total edges loaded for iteration 23 : 1931351, nbatch : 56, actno : 24117248 
totaledgesloaded_sofar : 45992440 
totaltimelapse_sofar : 36.21557 
running throughput for batch 23 = 1269963.110836 

=== totaledgesinS : 45683268 

 edges loaded for batch 24 = 0.000000 
time lapse for batch 24 = 2.531213 
throughput for batch 24 = 763083.182224 
total edges loaded for iteration 24 : 1931526, nbatch : 56, actno : 25165824 
totaledgesloaded_sofar : 47923622 
totaltimelapse_sofar : 38.74678 
running throughput for batch 24 = 1236841.265161 

=== totaledgesinS : 47552342 

 edges loaded for batch 25 = 0.000000 
time lapse for batch 25 = 2.716234 
throughput for batch 25 = 711870.624659 
total edges loaded for iteration 25 : 1933607, nbatch : 56, actno : 26214400 
totaledgesloaded_sofar : 49856892 
totaltimelapse_sofar : 41.46302 
running throughput for batch 25 = 1202442.419650 

=== totaledgesinS : 49420480 

 edges loaded for batch 26 = 0.000000 
time lapse for batch 26 = 2.802992 
throughput for batch 26 = 689886.745629 
total edges loaded for iteration 26 : 1933747, nbatch : 56, actno : 27262976 
totaledgesloaded_sofar : 51790342 
totaltimelapse_sofar : 44.26601 
running throughput for batch 26 = 1169979.895349 

=== totaledgesinS : 51286144 

 edges loaded for batch 27 = 0.000000 
time lapse for batch 27 = 2.766468 
throughput for batch 27 = 698605.298843 
total edges loaded for iteration 27 : 1932669, nbatch : 56, actno : 28311552 
totaledgesloaded_sofar : 53722686 
totaltimelapse_sofar : 47.03248 
running throughput for batch 27 = 1142246.557510 

=== totaledgesinS : 53148594 

 edges loaded for batch 28 = 0.000000 
time lapse for batch 28 = 2.858617 
throughput for batch 28 = 676048.218780 
total edges loaded for iteration 28 : 1932563, nbatch : 56, actno : 29360128 
totaledgesloaded_sofar : 55654942 
totaltimelapse_sofar : 49.89110 
running throughput for batch 28 = 1115528.572199 

=== totaledgesinS : 55008548 

 edges loaded for batch 29 = 0.000000 
time lapse for batch 29 = 2.941263 
throughput for batch 29 = 657459.316404 
total edges loaded for iteration 29 : 1933761, nbatch : 56, actno : 30408704 
totaledgesloaded_sofar : 57588378 
totaltimelapse_sofar : 52.83236 
running throughput for batch 29 = 1090020.959803 

=== totaledgesinS : 56867326 

 edges loaded for batch 30 = 0.000000 
time lapse for batch 30 = 3.224751 
throughput for batch 30 = 600233.338574 
total edges loaded for iteration 30 : 1935603, nbatch : 56, actno : 31457280 
totaledgesloaded_sofar : 59523712 
totaltimelapse_sofar : 56.05711 
running throughput for batch 30 = 1061840.554260 

=== totaledgesinS : 58725714 

 edges loaded for batch 31 = 0.000000 
time lapse for batch 31 = 3.153793 
throughput for batch 31 = 613442.287220 
total edges loaded for iteration 31 : 1934670, nbatch : 56, actno : 32505856 
totaledgesloaded_sofar : 61458104 
totaltimelapse_sofar : 59.21090 
running throughput for batch 31 = 1037952.498732 

=== totaledgesinS : 60579482 

 edges loaded for batch 32 = 0.000000 
time lapse for batch 32 = 3.165613 
throughput for batch 32 = 610941.764474 
total edges loaded for iteration 32 : 1934005, nbatch : 56, actno : 33554432 
totaledgesloaded_sofar : 63391841 
totaltimelapse_sofar : 62.37651 
running throughput for batch 32 = 1016277.376331 

=== totaledgesinS : 62431068 

 edges loaded for batch 33 = 0.000000 
time lapse for batch 33 = 3.259908 
throughput for batch 33 = 593706.404494 
total edges loaded for iteration 33 : 1935428, nbatch : 56, actno : 34603008 
totaledgesloaded_sofar : 65327021 
totaltimelapse_sofar : 65.63642 
running throughput for batch 33 = 995286.130090 

=== totaledgesinS : 64281370 

 edges loaded for batch 34 = 0.000000 
time lapse for batch 34 = 3.414086 
throughput for batch 34 = 567137.108663 
total edges loaded for iteration 34 : 1936255, nbatch : 56, actno : 35651584 
totaledgesloaded_sofar : 67263007 
totaltimelapse_sofar : 69.05051 
running throughput for batch 34 = 974113.126314 

=== totaledgesinS : 66131006 

 edges loaded for batch 35 = 0.000000 
time lapse for batch 35 = 3.632465 
throughput for batch 35 = 533021.586581 
total edges loaded for iteration 35 : 1936182, nbatch : 56, actno : 36700160 
totaledgesloaded_sofar : 69198924 
totaltimelapse_sofar : 72.68297 
running throughput for batch 35 = 952065.123959 

=== totaledgesinS : 67978010 

 edges loaded for batch 36 = 0.000000 
time lapse for batch 36 = 3.539332 
throughput for batch 36 = 547205.303362 
total edges loaded for iteration 36 : 1936741, nbatch : 56, actno : 37748736 
totaledgesloaded_sofar : 71135425 
totaltimelapse_sofar : 76.22230 
running throughput for batch 36 = 933262.581282 

=== totaledgesinS : 69823906 

 edges loaded for batch 37 = 0.000000 
time lapse for batch 37 = 3.618972 
throughput for batch 37 = 535190.609770 
total edges loaded for iteration 37 : 1936840, nbatch : 56, actno : 38797312 
totaledgesloaded_sofar : 73072011 
totaltimelapse_sofar : 79.84128 
running throughput for batch 37 = 915215.958094 

=== totaledgesinS : 71667008 

 edges loaded for batch 38 = 0.000000 
time lapse for batch 38 = 3.815729 
throughput for batch 38 = 507546.493928 
total edges loaded for iteration 38 : 1936660, nbatch : 56, actno : 39845888 
totaledgesloaded_sofar : 75008446 
totaltimelapse_sofar : 83.65701 
running throughput for batch 38 = 896618.815274 

=== totaledgesinS : 73508278 

 edges loaded for batch 39 = 0.000000 
time lapse for batch 39 = 3.971392 
throughput for batch 39 = 487757.499057 
total edges loaded for iteration 39 : 1937076, nbatch : 56, actno : 40894464 
totaledgesloaded_sofar : 76945306 
totaltimelapse_sofar : 87.62840 
running throughput for batch 39 = 878086.417038 

=== totaledgesinS : 75348048 

 edges loaded for batch 40 = 0.000000 
time lapse for batch 40 = 3.865423 
throughput for batch 40 = 501106.302225 
total edges loaded for iteration 40 : 1936988, nbatch : 56, actno : 41943040 
totaledgesloaded_sofar : 78882061 
totaltimelapse_sofar : 91.49382 
running throughput for batch 40 = 862157.245907 

=== totaledgesinS : 77185850 

 edges loaded for batch 41 = 0.000000 
time lapse for batch 41 = 3.930553 
throughput for batch 41 = 492818.697348 
total edges loaded for iteration 41 : 1937050, nbatch : 56, actno : 42991616 
totaledgesloaded_sofar : 80818894 
totaltimelapse_sofar : 95.42437 
running throughput for batch 41 = 846941.828003 

=== totaledgesinS : 79021448 

 edges loaded for batch 42 = 0.000000 
time lapse for batch 42 = 4.237984 
throughput for batch 42 = 457069.436634 
total edges loaded for iteration 42 : 1937053, nbatch : 56, actno : 44040192 
totaledgesloaded_sofar : 82755733 
totaltimelapse_sofar : 99.66236 
running throughput for batch 42 = 830360.974227 

=== totaledgesinS : 80854452 

 edges loaded for batch 43 = 0.000000 
time lapse for batch 43 = 4.270072 
throughput for batch 43 = 454085.994557 
total edges loaded for iteration 43 : 1938980, nbatch : 56, actno : 45088768 
totaledgesloaded_sofar : 84694519 
totaltimelapse_sofar : 103.93243 
running throughput for batch 43 = 814899.819939 

=== totaledgesinS : 82688824 

 edges loaded for batch 44 = 0.000000 
time lapse for batch 44 = 4.201764 
throughput for batch 44 = 461266.491121 
total edges loaded for iteration 44 : 1938133, nbatch : 56, actno : 46137344 
totaledgesloaded_sofar : 86632427 
totaltimelapse_sofar : 108.13419 
running throughput for batch 44 = 801156.629434 

=== totaledgesinS : 84520182 

 edges loaded for batch 45 = 0.000000 
time lapse for batch 45 = 4.266485 
throughput for batch 45 = 454070.975401 
total edges loaded for iteration 45 : 1937287, nbatch : 56, actno : 47185920 
totaledgesloaded_sofar : 88569532 
totaltimelapse_sofar : 112.40068 
running throughput for batch 45 = 787980.394772 

=== totaledgesinS : 86349424 

 edges loaded for batch 46 = 0.000000 
time lapse for batch 46 = 4.629403 
throughput for batch 46 = 418740.136620 
total edges loaded for iteration 46 : 1938517, nbatch : 56, actno : 48234496 
totaledgesloaded_sofar : 90507852 
totaltimelapse_sofar : 117.03008 
running throughput for batch 46 = 773372.534552 

=== totaledgesinS : 88176854 

 edges loaded for batch 47 = 0.000000 
time lapse for batch 47 = 4.457519 
throughput for batch 47 = 435009.939594 
total edges loaded for iteration 47 : 1939065, nbatch : 56, actno : 49283072 
totaledgesloaded_sofar : 92446755 
totaltimelapse_sofar : 121.48760 
running throughput for batch 47 = 760956.291113 

=== totaledgesinS : 90003772 

 edges loaded for batch 48 = 0.000000 
time lapse for batch 48 = 4.501722 
throughput for batch 48 = 430499.003623 
total edges loaded for iteration 48 : 1937987, nbatch : 56, actno : 50331648 
totaledgesloaded_sofar : 94384568 
totaltimelapse_sofar : 125.98932 
running throughput for batch 48 = 749147.346385 

=== totaledgesinS : 91828668 

 edges loaded for batch 49 = 0.000000 
time lapse for batch 49 = 4.797135 
throughput for batch 49 = 404245.875679 
total edges loaded for iteration 49 : 1939222, nbatch : 56, actno : 51380224 
totaledgesloaded_sofar : 96323644 
totaltimelapse_sofar : 130.78646 
running throughput for batch 49 = 736495.540585 

=== totaledgesinS : 93651242 

 edges loaded for batch 50 = 0.000000 
time lapse for batch 50 = 4.816080 
throughput for batch 50 = 402793.164798 
total edges loaded for iteration 50 : 1939884, nbatch : 56, actno : 52428800 
totaledgesloaded_sofar : 98263351 
totaltimelapse_sofar : 135.60254 
running throughput for batch 50 = 724642.412591 

=== totaledgesinS : 95473428 

 edges loaded for batch 51 = 0.000000 
time lapse for batch 51 = 4.750825 
throughput for batch 51 = 408079.421915 
total edges loaded for iteration 51 : 1938714, nbatch : 56, actno : 53477376 
totaledgesloaded_sofar : 100201863 
totaltimelapse_sofar : 140.35336 
running throughput for batch 51 = 713925.623283 

=== totaledgesinS : 97293600 

 edges loaded for batch 52 = 0.000000 
time lapse for batch 52 = 4.989452 
throughput for batch 52 = 388604.383249 
total edges loaded for iteration 52 : 1938923, nbatch : 56, actno : 54525952 
totaledgesloaded_sofar : 102140606 
totaltimelapse_sofar : 145.34282 
running throughput for batch 52 = 702756.479728 

=== totaledgesinS : 99111760 

 edges loaded for batch 53 = 0.000000 
time lapse for batch 53 = 5.135152 
throughput for batch 53 = 377857.566763 
total edges loaded for iteration 53 : 1940356, nbatch : 56, actno : 55574528 
totaledgesloaded_sofar : 104080789 
totaltimelapse_sofar : 150.47797 
running throughput for batch 53 = 691667.957683 

=== totaledgesinS : 100929490 

 edges loaded for batch 54 = 0.000000 
time lapse for batch 54 = 4.982165 
throughput for batch 54 = 389308.284774 
total edges loaded for iteration 54 : 1939598, nbatch : 56, actno : 56623104 
totaledgesloaded_sofar : 106020205 
totaltimelapse_sofar : 155.46013 
running throughput for batch 54 = 681976.806229 

=== totaledgesinS : 102745900 

 edges loaded for batch 55 = 0.000000 
time lapse for batch 55 = 5.201206 
throughput for batch 55 = 372693.379736 
total edges loaded for iteration 55 : 1938455, nbatch : 56, actno : 57671680 
totaledgesloaded_sofar : 107958487 
totaltimelapse_sofar : 160.66134 
running throughput for batch 55 = 671963.073061 

=== totaledgesinS : 104559564 
validinsertions : 107884648 
invalidinsertions : 0 
validdeletions : 0 
invaliddeletions : 0 
errinsertions : 0 
errdeletions : 0 
printing result summaries... 
totaledgesinS : 104559564 
,
	"time_updates": 1.606613388860133e+02,
	"updates_per_sec": 3.654908916305068e+05
printing batchids 
[ 
0, 
1, 
2, 
3, 
4, 
5, 
6, 
7, 
8, 
9, 
10, 
11, 
12, 
13, 
14, 
15, 
16, 
17, 
18, 
19, 
20, 
21, 
22, 
23, 
24, 
25, 
26, 
27, 
28, 
29, 
30, 
31, 
32, 
33, 
34, 
35, 
36, 
37, 
38, 
39, 
40, 
41, 
42, 
43, 
44, 
45, 
46, 
47, 
48, 
49, 
50, 
51, 
52, 
53, 
54, 
55, 
] 

printing throughputs 
[ 
2244577.6, 
2497849.0, 
2558038.6, 
2545254.0, 
2490797.4, 
2413986.5, 
2335769.4, 
2253424.6, 
2169121.3, 
2083206.6, 
2003923.4, 
1930067.3, 
1859387.5, 
1787484.7, 
1720576.9, 
1650083.2, 
1589879.5, 
1536584.3, 
1487538.0, 
1433020.2, 
1388590.7, 
1348161.7, 
1303586.9, 
1269963.1, 
1236841.3, 
1202442.4, 
1169979.9, 
1142246.6, 
1115528.6, 
1090021.0, 
1061840.6, 
1037952.5, 
1016277.4, 
995286.1, 
974113.1, 
952065.1, 
933262.6, 
915216.0, 
896618.8, 
878086.4, 
862157.2, 
846941.8, 
830361.0, 
814899.8, 
801156.6, 
787980.4, 
773372.5, 
760956.3, 
749147.3, 
736495.5, 
724642.4, 
713925.6, 
702756.5, 
691668.0, 
681976.8, 
671963.1, 
] 
,
	"error_code":"0x0",
	"time_check": 4.516593327047303e+00
}
