started  (updates_test)
LLFULLDB: OFF
SGHashing: ON
VPropUpdate: OFF
WORK_BLOCK_HEIGHT: 4
SUB_BLOCK_HEIGHT: 8
PAGE_BLOCKHEIGHT: 64
graphbenchmark: rmat16_2097152_31770000.edges
NO_OF_VERTICES: 2097152
NO_OF_EDGES: 31770000
host: GT
graph direction type: DIRECTEDGRAPH
graph deletion type: DELETEEDGE
graph deletion rate: 0
initializing vertices (vertices) 
=== insertions started ===

batch : 0
edges loaded : 1048576 edges
number of edges : 1048495 edges
number of unique edges : 1048576 edges
timelapse (ms) : 2063.49 ms
total timelapse (ms) : 2063.49 ms
running throughput : 0.508156 million edges per sec

batch : 1
edges loaded : 1048576 edges
number of edges : 2096824 edges
number of unique edges : 2097152 edges
timelapse (ms) : 403.374 ms
total timelapse (ms) : 2466.87 ms
running throughput : 0.850128 million edges per sec

batch : 2
edges loaded : 1048576 edges
number of edges : 3144968 edges
number of unique edges : 3145728 edges
timelapse (ms) : 386.334 ms
total timelapse (ms) : 2853.2 ms
running throughput : 1.10253 million edges per sec

batch : 3
edges loaded : 1048576 edges
number of edges : 4192971 edges
number of unique edges : 4194304 edges
timelapse (ms) : 433.738 ms
total timelapse (ms) : 3286.94 ms
running throughput : 1.27605 million edges per sec

batch : 4
edges loaded : 1048576 edges
number of edges : 5240812 edges
number of unique edges : 5242880 edges
timelapse (ms) : 379.302 ms
total timelapse (ms) : 3666.24 ms
running throughput : 1.43004 million edges per sec

batch : 5
edges loaded : 1048576 edges
number of edges : 6288465 edges
number of unique edges : 6291456 edges
timelapse (ms) : 483.585 ms
total timelapse (ms) : 4149.83 ms
running throughput : 1.51608 million edges per sec

batch : 6
edges loaded : 1048576 edges
number of edges : 7336055 edges
number of unique edges : 7340032 edges
timelapse (ms) : 453.133 ms
total timelapse (ms) : 4602.96 ms
running throughput : 1.59463 million edges per sec

batch : 7
edges loaded : 1048576 edges
number of edges : 8383377 edges
number of unique edges : 8388608 edges
timelapse (ms) : 433.548 ms
total timelapse (ms) : 5036.51 ms
running throughput : 1.66556 million edges per sec

batch : 8
edges loaded : 1048576 edges
number of edges : 9430563 edges
number of unique edges : 9437184 edges
timelapse (ms) : 525.746 ms
total timelapse (ms) : 5562.25 ms
running throughput : 1.69665 million edges per sec

batch : 9
edges loaded : 1048576 edges
number of edges : 10477634 edges
number of unique edges : 10485760 edges
timelapse (ms) : 496.048 ms
total timelapse (ms) : 6058.3 ms
running throughput : 1.73081 million edges per sec

batch : 10
edges loaded : 1048576 edges
number of edges : 11524549 edges
number of unique edges : 11534336 edges
timelapse (ms) : 506.021 ms
total timelapse (ms) : 6564.32 ms
running throughput : 1.75713 million edges per sec

batch : 11
edges loaded : 1048576 edges
number of edges : 12571250 edges
number of unique edges : 12582912 edges
timelapse (ms) : 524.133 ms
total timelapse (ms) : 7088.45 ms
running throughput : 1.77513 million edges per sec

batch : 12
edges loaded : 1048576 edges
number of edges : 13617854 edges
number of unique edges : 13631488 edges
timelapse (ms) : 557.635 ms
total timelapse (ms) : 7646.09 ms
running throughput : 1.78281 million edges per sec

batch : 13
edges loaded : 1048576 edges
number of edges : 14664249 edges
number of unique edges : 14680064 edges
timelapse (ms) : 545.433 ms
total timelapse (ms) : 8191.52 ms
running throughput : 1.7921 million edges per sec

batch : 14
edges loaded : 1048576 edges
number of edges : 15710615 edges
number of unique edges : 15728640 edges
timelapse (ms) : 573.327 ms
total timelapse (ms) : 8764.85 ms
running throughput : 1.79451 million edges per sec

batch : 15
edges loaded : 1048576 edges
number of edges : 16756781 edges
number of unique edges : 16777216 edges
timelapse (ms) : 543.304 ms
total timelapse (ms) : 9308.15 ms
running throughput : 1.80242 million edges per sec

batch : 16
edges loaded : 1048576 edges
number of edges : 17802770 edges
number of unique edges : 17825792 edges
timelapse (ms) : 589.392 ms
total timelapse (ms) : 9897.54 ms
running throughput : 1.80103 million edges per sec

batch : 17
edges loaded : 1048576 edges
number of edges : 18848715 edges
number of unique edges : 18874368 edges
timelapse (ms) : 609.419 ms
total timelapse (ms) : 10507 ms
running throughput : 1.79637 million edges per sec

batch : 18
edges loaded : 1048576 edges
number of edges : 19894312 edges
number of unique edges : 19922944 edges
timelapse (ms) : 607.827 ms
total timelapse (ms) : 11114.8 ms
running throughput : 1.79247 million edges per sec

batch : 19
edges loaded : 1048576 edges
number of edges : 20939955 edges
number of unique edges : 20971520 edges
timelapse (ms) : 607.418 ms
total timelapse (ms) : 11722.2 ms
running throughput : 1.78904 million edges per sec

batch : 20
edges loaded : 1048576 edges
number of edges : 21985316 edges
number of unique edges : 22020096 edges
timelapse (ms) : 603.025 ms
total timelapse (ms) : 12325.2 ms
running throughput : 1.78659 million edges per sec

batch : 21
edges loaded : 1048576 edges
number of edges : 23030632 edges
number of unique edges : 23068672 edges
timelapse (ms) : 619.693 ms
total timelapse (ms) : 12944.9 ms
running throughput : 1.78206 million edges per sec

batch : 22
edges loaded : 1048576 edges
number of edges : 24075724 edges
number of unique edges : 24117248 edges
timelapse (ms) : 662.49 ms
total timelapse (ms) : 13607.4 ms
running throughput : 1.77236 million edges per sec

batch : 23
edges loaded : 1048576 edges
number of edges : 25120672 edges
number of unique edges : 25165824 edges
timelapse (ms) : 664.929 ms
total timelapse (ms) : 14272.3 ms
running throughput : 1.76326 million edges per sec

batch : 24
edges loaded : 1048576 edges
number of edges : 26165487 edges
number of unique edges : 26214400 edges
timelapse (ms) : 651.392 ms
total timelapse (ms) : 14923.7 ms
running throughput : 1.75656 million edges per sec

batch : 25
edges loaded : 1048576 edges
number of edges : 27210248 edges
number of unique edges : 27262976 edges
timelapse (ms) : 659.343 ms
total timelapse (ms) : 15583.1 ms
running throughput : 1.74952 million edges per sec

batch : 26
edges loaded : 1048576 edges
number of edges : 28254811 edges
number of unique edges : 28311552 edges
timelapse (ms) : 708.754 ms
total timelapse (ms) : 16291.8 ms
running throughput : 1.73778 million edges per sec

batch : 27
edges loaded : 1048576 edges
number of edges : 29299230 edges
number of unique edges : 29360128 edges
timelapse (ms) : 671.054 ms
total timelapse (ms) : 16962.9 ms
running throughput : 1.73084 million edges per sec

batch : 28
edges loaded : 1048576 edges
number of edges : 30343438 edges
number of unique edges : 30408704 edges
timelapse (ms) : 666.164 ms
total timelapse (ms) : 17629.1 ms
running throughput : 1.72492 million edges per sec

batch : 29
edges loaded : 1048576 edges
number of edges : 31387442 edges
number of unique edges : 31457280 edges
timelapse (ms) : 734.912 ms
total timelapse (ms) : 18364 ms
running throughput : 1.71299 million edges per sec
finished reading from file (updates_test)

batch : 30
edges loaded : 312721 edges
number of edges : 31698797 edges
number of unique edges : 31770001 edges
timelapse (ms) : 220.239 ms
total timelapse (ms) : 18584.2 ms
running throughput : 1.70952 million edges per sec
destroying graphtinker objects 
