             SCALE : 20,
        EDGEFACTOR : 10,
       NUM_ACTIONS : 10000000,
                 A : 0.550000,
                 B : 0.100000,
                 C : 0.100000,
                 D : 0.250000,
          P_delete : 0.062500,
                NV : 1048576,
                NE : 10485760,
        graph_file : g.20.10.bin,
      actions_file : a.20.10.10000000.bin,
        Generation : 19.165364,
       Offset Calc : 0.261685,
          Ind Copy : 0.461851,
 Sort, Sum Weights : 0.647969,
       Copy unique : 0.037597,
         unique NE : 2437257,
  Graph file write : 2.846309,
  Generate actions : 12.649555,
     Write actions : 6.248589,
